{"level":"info","ts":1760651674.085922,"caller":"blog/main.go:39","msg":"API Token: secretToken"}
{"level":"info","ts":1760651674.0982919,"caller":"blog/db.go:34","msg":"Database connection established!"}
Signups Disabled ...
{"level":"info","ts":1760651674.100291,"caller":"blog/main.go:289","msg":"server listening on :22222"}
2025/10/16 17:54:34 "GET http://localhost:22222/slides/vibe-coding-to-production-mastering-cursor-ai HTTP/1.1" from [::1]:51319 - 200 36437B in 122.582291ms
2025/10/16 17:54:35 "GET http://localhost:22222/slides/vibe-coding-to-production-mastering-cursor-ai HTTP/1.1" from [::1]:51319 - 200 36437B in 72.908791ms
2025/10/16 17:54:35 "GET http://localhost:22222/slides/vibe-coding-to-production-mastering-cursor-ai HTTP/1.1" from [::1]:51319 - 200 36437B in 73.496916ms
2025/10/16 17:54:35 "GET http://localhost:22222/slides/vibe-coding-to-production-mastering-cursor-ai HTTP/1.1" from [::1]:51319 - 200 36437B in 71.820083ms
2025/10/16 17:54:35 "GET http://localhost:22222/slides/vibe-coding-to-production-mastering-cursor-ai HTTP/1.1" from [::1]:51319 - 200 36437B in 74.70525ms
2025/10/16 17:54:36 "GET http://localhost:22222/slides/vibe-coding-to-production-mastering-cursor-ai HTTP/1.1" from [::1]:51319 - 200 36437B in 80.371875ms
2025/10/16 17:54:36 "GET http://localhost:22222/slides/vibe-coding-to-production-mastering-cursor-ai HTTP/1.1" from [::1]:51319 - 200 36437B in 89.132958ms
2025/10/16 17:54:36 "GET http://localhost:22222/slides/vibe-coding-to-production-mastering-cursor-ai HTTP/1.1" from [::1]:51319 - 200 36437B in 77.478958ms
2025/10/16 17:54:36 "GET http://localhost:22222/slides/vibe-coding-to-production-mastering-cursor-ai HTTP/1.1" from [::1]:51319 - 200 36437B in 118.797625ms
2025/10/16 17:54:37 "GET http://localhost:22222/slides/vibe-coding-to-production-mastering-cursor-ai HTTP/1.1" from [::1]:51319 - 200 36437B in 69.486542ms
2025/10/16 17:54:37 "GET http://localhost:22222/slides/vibe-coding-to-production-mastering-cursor-ai HTTP/1.1" from [::1]:51319 - 200 36437B in 55.052708ms
2025/10/16 17:54:37 "GET http://localhost:22222/slides/vibe-coding-to-production-mastering-cursor-ai HTTP/1.1" from [::1]:51319 - 200 36437B in 55.205959ms
2025/10/16 17:54:37 "GET http://localhost:22222/slides/vibe-coding-to-production-mastering-cursor-ai HTTP/1.1" from [::1]:51319 - 200 36437B in 78.85775ms
2025/10/16 17:54:37 "GET http://localhost:22222/slides/vibe-coding-to-production-mastering-cursor-ai HTTP/1.1" from [::1]:51319 - 200 36437B in 64.213625ms
2025/10/16 17:54:38 "GET http://localhost:22222/slides/vibe-coding-to-production-mastering-cursor-ai HTTP/1.1" from [::1]:51319 - 200 36437B in 74.967333ms
2025/10/16 17:54:38 "GET http://localhost:22222/slides/vibe-coding-to-production-mastering-cursor-ai HTTP/1.1" from [::1]:51319 - 200 36437B in 75.059625ms
2025/10/16 17:54:38 "GET http://localhost:22222/slides/vibe-coding-to-production-mastering-cursor-ai HTTP/1.1" from [::1]:51319 - 200 36437B in 77.416916ms
2025/10/16 17:54:38 "GET http://localhost:22222/slides/vibe-coding-to-production-mastering-cursor-ai HTTP/1.1" from [::1]:51319 - 200 36437B in 86.789875ms
2025/10/16 17:54:38 "GET http://localhost:22222/slides/vibe-coding-to-production-mastering-cursor-ai HTTP/1.1" from [::1]:51319 - 200 36437B in 72.406625ms
2025/10/16 17:54:39 "GET http://localhost:22222/slides/vibe-coding-to-production-mastering-cursor-ai HTTP/1.1" from [::1]:51319 - 200 36437B in 90.68575ms
2025/10/16 17:54:39 "GET http://localhost:22222/slides/vibe-coding-to-production-mastering-cursor-ai HTTP/1.1" from [::1]:51319 - 200 36437B in 79.990667ms
2025/10/16 17:54:39 "GET http://localhost:22222/slides/vibe-coding-to-production-mastering-cursor-ai HTTP/1.1" from [::1]:51319 - 200 36437B in 79.123458ms
2025/10/16 17:54:39 "GET http://localhost:22222/slides/vibe-coding-to-production-mastering-cursor-ai HTTP/1.1" from [::1]:51319 - 200 36437B in 89.627542ms
2025/10/16 17:54:43 "GET http://localhost:22222/slides/vibe-coding-to-production-mastering-cursor-ai HTTP/1.1" from [::1]:51319 - 200 36437B in 83.663083ms
2025/10/16 17:54:44 "GET http://localhost:22222/slides/vibe-coding-to-production-mastering-cursor-ai HTTP/1.1" from [::1]:51319 - 200 36437B in 91.585125ms
2025/10/16 17:54:44 "GET http://localhost:22222/slides/vibe-coding-to-production-mastering-cursor-ai HTTP/1.1" from [::1]:51319 - 200 36437B in 89.907709ms
2025/10/16 17:54:45 "GET http://localhost:22222/slides/vibe-coding-to-production-mastering-cursor-ai HTTP/1.1" from [::1]:51319 - 200 36437B in 88.9715ms
2025/10/16 17:54:45 "GET http://localhost:22222/slides/vibe-coding-to-production-mastering-cursor-ai HTTP/1.1" from [::1]:51320 - 200 36437B in 61.688667ms
2025/10/16 17:54:45 "GET http://localhost:22222/slides/vibe-coding-to-production-mastering-cursor-ai HTTP/1.1" from [::1]:51358 - 200 36437B in 54.210709ms
2025/10/16 17:54:45 "GET http://localhost:22222/slides/vibe-coding-to-production-mastering-cursor-ai HTTP/1.1" from [::1]:51359 - 200 36437B in 53.898542ms
2025/10/16 17:54:45 "GET http://localhost:22222/slides/vibe-coding-to-production-mastering-cursor-ai HTTP/1.1" from [::1]:51360 - 200 36437B in 57.108416ms
2025/10/16 17:54:45 "GET http://localhost:22222/slides/vibe-coding-to-production-mastering-cursor-ai HTTP/1.1" from [::1]:51361 - 200 36437B in 53.922209ms
2025/10/16 17:54:45 "GET http://localhost:22222/slides/vibe-coding-to-production-mastering-cursor-ai HTTP/1.1" from [::1]:51362 - 200 36437B in 56.916125ms
2025/10/16 17:54:45 "GET http://localhost:22222/slides/vibe-coding-to-production-mastering-cursor-ai HTTP/1.1" from [::1]:51362 - 200 36437B in 58.191542ms
2025/10/16 17:54:45 "GET http://localhost:22222/slides/vibe-coding-to-production-mastering-cursor-ai HTTP/1.1" from [::1]:51363 - 200 36437B in 52.251792ms
2025/10/16 17:54:46 "GET http://localhost:22222/slides HTTP/1.1" from [::1]:51363 - 200 34894B in 104.197375ms
2025/10/16 17:54:50 Error fetching slide: failed to read content file: open /tmp/test-slide-content.html: no such file or directory
2025/10/16 17:54:50 "GET http://localhost:22222/slides/test-presentation HTTP/1.1" from [::1]:51363 - 404 16B in 79.388833ms
2025/10/16 17:54:56 "GET http://localhost:22222/slides/vibe-coding-to-production HTTP/1.1" from [::1]:51363 - 200 11252B in 79.212958ms
2025/10/16 17:55:02 "GET http://localhost:22222/slides HTTP/1.1" from [::1]:51363 - 200 34894B in 82.326542ms
2025/10/16 17:55:04 "GET http://localhost:22222/slides HTTP/1.1" from [::1]:51363 - 200 34894B in 84.238209ms
2025/10/16 17:55:06 "GET http://localhost:22222/admin/slides/new HTTP/1.1" from [::1]:51363 - 200 41282B in 77.533875ms
2025/10/16 17:55:10 "GET http://localhost:22222/admin/slides HTTP/1.1" from [::1]:51363 - 200 62593B in 83.159083ms
2025/10/16 17:55:37 "POST http://localhost:22222/admin/slides/5 HTTP/1.1" from [::1]:51363 - 302 0B in 94.985542ms
2025/10/16 17:55:37 "GET http://localhost:22222/admin/slides/5/edit HTTP/1.1" from [::1]:51363 - 200 78904B in 53.501291ms
2025/10/16 17:55:39 "GET http://localhost:22222/slides/vibe-coding-to-production-mastering-cursor-ai HTTP/1.1" from [::1]:51363 - 200 36437B in 95.1295ms
2025/10/16 17:55:39 "GET http://localhost:22222/slides/vibe-coding-to-production-mastering-cursor-ai HTTP/1.1" from [::1]:51363 - 200 36437B in 87.57525ms
2025/10/16 17:55:40 "GET http://localhost:22222/slides/vibe-coding-to-production-mastering-cursor-ai HTTP/1.1" from [::1]:51363 - 200 36437B in 93.627292ms
2025/10/16 17:55:41 "GET http://localhost:22222/static/favicon.svg HTTP/1.1" from [::1]:51363 - 200 1944B in 3.968709ms
2025/10/16 17:55:43 "GET http://localhost:22222/slides HTTP/1.1" from [::1]:51363 - 200 38987B in 88.314166ms
2025/10/16 17:55:45 "GET http://localhost:22222/slides/vibe-coding-to-production-mastering-cursor-ai HTTP/1.1" from [::1]:51363 - 200 36437B in 80.43125ms
2025/10/16 17:57:27 "GET http://localhost:22222/slides/vibe-coding-to-production-mastering-cursor-ai HTTP/1.1" from [::1]:51650 - 200 35947B in 9.414542ms
2025/10/16 17:57:46 "GET http://localhost:22222/slides/vibe-coding-to-production-mastering-cursor-ai HTTP/1.1" from [::1]:51363 - 200 36437B in 78.207667ms
2025/10/16 17:57:47 "GET http://localhost:22222/slides/vibe-coding-to-production-mastering-cursor-ai HTTP/1.1" from [::1]:51363 - 200 36437B in 92.577417ms
2025/10/16 17:57:47 "GET http://localhost:22222/slides/vibe-coding-to-production-mastering-cursor-ai HTTP/1.1" from [::1]:51363 - 200 36437B in 92.768917ms
2025/10/16 17:57:47 "GET http://localhost:22222/slides/vibe-coding-to-production-mastering-cursor-ai HTTP/1.1" from [::1]:51363 - 200 36437B in 86.001917ms
2025/10/16 17:57:50 "GET http://localhost:22222/slides/vibe-coding-to-production-mastering-cursor-ai HTTP/1.1" from [::1]:51363 - 200 36437B in 79.775ms
2025/10/16 17:57:59 "GET http://localhost:22222/slides/vibe-coding-to-production-mastering-cursor-ai HTTP/1.1" from [::1]:51703 - 200 35947B in 10.601666ms
2025/10/16 17:57:59 "GET http://localhost:22222/static/favicon.svg HTTP/1.1" from [::1]:51703 - 200 1944B in 469.375µs
2025/10/16 17:58:02 "GET http://localhost:22222/slides/vibe-coding-to-production-mastering-cursor-ai HTTP/1.1" from [::1]:51724 - 200 35947B in 6.698375ms
2025/10/16 17:58:02 "GET http://localhost:22222/static/favicon.svg HTTP/1.1" from [::1]:51724 - 200 1944B in 102.208µs
2025/10/16 17:58:04 "GET http://localhost:22222/slides/vibe-coding-to-production-mastering-cursor-ai HTTP/1.1" from [::1]:51740 - 200 35947B in 5.046542ms
2025/10/16 17:58:05 "GET http://localhost:22222/static/favicon.svg HTTP/1.1" from [::1]:51740 - 200 1944B in 150.833µs
2025/10/16 17:58:08 "GET http://localhost:22222/slides/vibe-coding-to-production-mastering-cursor-ai HTTP/1.1" from [::1]:51755 - 200 35947B in 4.321167ms
2025/10/16 17:58:08 "GET http://localhost:22222/static/favicon.svg HTTP/1.1" from [::1]:51755 - 200 1944B in 127.875µs
2025/10/16 17:58:11 "GET http://localhost:22222/slides/vibe-coding-to-production-mastering-cursor-ai HTTP/1.1" from [::1]:51770 - 200 35947B in 5.554042ms
2025/10/16 17:58:11 "GET http://localhost:22222/static/favicon.svg HTTP/1.1" from [::1]:51770 - 200 1944B in 160.833µs
2025/10/16 18:02:27 "GET http://localhost:22222/slides/vibe-coding-to-production-mastering-cursor-ai HTTP/1.1" from [::1]:52284 - 200 35947B in 13.931833ms
2025/10/16 18:02:28 "GET http://localhost:22222/static/favicon.svg HTTP/1.1" from [::1]:52284 - 200 1944B in 369.042µs
2025/10/16 18:02:31 "GET http://localhost:22222/slides/vibe-coding-to-production-mastering-cursor-ai HTTP/1.1" from [::1]:52300 - 200 35947B in 5.819208ms
2025/10/16 18:02:31 "GET http://localhost:22222/static/favicon.svg HTTP/1.1" from [::1]:52300 - 200 1944B in 259.209µs
2025/10/16 18:02:34 "GET http://localhost:22222/slides/vibe-coding-to-production-mastering-cursor-ai HTTP/1.1" from [::1]:52316 - 200 35947B in 5.934875ms
2025/10/16 18:02:34 "GET http://localhost:22222/static/favicon.svg HTTP/1.1" from [::1]:52316 - 200 1944B in 804.084µs
2025/10/16 18:02:36 "GET http://localhost:22222/slides/vibe-coding-to-production-mastering-cursor-ai HTTP/1.1" from [::1]:52330 - 200 35947B in 5.182375ms
2025/10/16 18:02:37 "GET http://localhost:22222/static/favicon.svg HTTP/1.1" from [::1]:52330 - 200 1944B in 309.5µs
2025/10/16 18:02:39 "GET http://localhost:22222/slides/vibe-coding-to-production-mastering-cursor-ai HTTP/1.1" from [::1]:52349 - 200 35947B in 5.5675ms
2025/10/16 18:02:40 "GET http://localhost:22222/static/favicon.svg HTTP/1.1" from [::1]:52349 - 200 1944B in 219.583µs
2025/10/16 18:02:43 "GET http://localhost:22222/slides/vibe-coding-to-production-mastering-cursor-ai HTTP/1.1" from [::1]:52370 - 200 35947B in 5.789208ms
2025/10/16 18:02:43 "GET http://localhost:22222/static/favicon.svg HTTP/1.1" from [::1]:52370 - 200 1944B in 202.334µs
2025/10/16 18:06:09 "GET http://localhost:22222/slides/vibe-coding-to-production-mastering-cursor-ai HTTP/1.1" from [::1]:52814 - 200 35947B in 10.10325ms
2025/10/16 18:06:10 "GET http://localhost:22222/static/favicon.svg HTTP/1.1" from [::1]:52814 - 200 1944B in 381.292µs
2025/10/16 18:06:13 "GET http://localhost:22222/slides/vibe-coding-to-production-mastering-cursor-ai HTTP/1.1" from [::1]:52830 - 200 35947B in 2.4865ms
2025/10/16 18:06:13 "GET http://localhost:22222/static/favicon.svg HTTP/1.1" from [::1]:52830 - 200 1944B in 304.792µs
2025/10/16 18:08:20 "GET http://localhost:22222/slides/vibe-coding-to-production-mastering-cursor-ai HTTP/1.1" from [::1]:53042 - 200 35947B in 5.26525ms
2025/10/16 18:08:21 "GET http://localhost:22222/static/favicon.svg HTTP/1.1" from [::1]:53042 - 200 1944B in 341.958µs
2025/10/16 18:08:24 "GET http://localhost:22222/slides/vibe-coding-to-production-mastering-cursor-ai HTTP/1.1" from [::1]:53056 - 200 35947B in 5.26ms
2025/10/16 18:08:24 "GET http://localhost:22222/static/favicon.svg HTTP/1.1" from [::1]:53056 - 200 1944B in 279.708µs
2025/10/16 18:10:15 "GET http://localhost:22222/slides/vibe-coding-to-production-mastering-cursor-ai HTTP/1.1" from [::1]:53349 - 200 36200B in 8.112333ms
2025/10/16 18:10:15 "GET http://localhost:22222/static/favicon.svg HTTP/1.1" from [::1]:53349 - 200 1944B in 750.292µs
2025/10/16 18:10:18 "GET http://localhost:22222/slides/vibe-coding-to-production-mastering-cursor-ai HTTP/1.1" from [::1]:53368 - 200 36200B in 5.634417ms
2025/10/16 18:10:18 "GET http://localhost:22222/static/favicon.svg HTTP/1.1" from [::1]:53368 - 200 1944B in 329.833µs
2025/10/16 18:10:27 "GET http://localhost:22222/slides/vibe-coding-to-production-mastering-cursor-ai HTTP/1.1" from [::1]:53402 - 200 36200B in 3.887542ms
2025/10/16 18:10:29 "GET http://localhost:22222/slides/vibe-coding-to-production-mastering-cursor-ai HTTP/1.1" from [::1]:53411 - 200 36200B in 5.282666ms
2025/10/16 18:10:31 "GET http://localhost:22222/slides/vibe-coding-to-production-mastering-cursor-ai HTTP/1.1" from [::1]:53420 - 200 36200B in 4.889917ms
2025/10/16 18:10:34 "GET http://localhost:22222/slides/vibe-coding-to-production-mastering-cursor-ai HTTP/1.1" from [::1]:53432 - 200 36200B in 4.045541ms
2025/10/16 18:10:36 "GET http://localhost:22222/slides/vibe-coding-to-production-mastering-cursor-ai HTTP/1.1" from [::1]:53442 - 200 36200B in 6.750917ms
2025/10/16 18:10:39 "GET http://localhost:22222/slides/vibe-coding-to-production-mastering-cursor-ai HTTP/1.1" from [::1]:53452 - 200 36200B in 4.922792ms
2025/10/16 18:10:57 "GET http://localhost:22222/signin HTTP/1.1" from [::1]:53495 - 200 14531B in 399.792µs
2025/10/16 18:10:57 "GET http://localhost:22222/static/css/modern-theme.css?v=2025-v5 HTTP/1.1" from [::1]:53495 - 200 41253B in 529.416µs
Session exists. Updating ...
2025/10/16 18:10:58 "POST http://localhost:22222/signin HTTP/1.1" from [::1]:53495 - 302 0B in 118.121042ms
Posts fetched successfully! Count: 5
DEBUG HOME: User logged in: anchoo2kewl, Email: anchoo2kewl@gmail.com, Role: 2, IsAdmin: true
2025/10/16 18:10:58 "GET http://localhost:22222/ HTTP/1.1" from [::1]:53495 - 200 196955B in 63.615458ms
2025/10/16 18:12:55 "GET http://localhost:22222/slides/vibe-coding-to-production-mastering-cursor-ai HTTP/1.1" from [::1]:53729 - 200 36200B in 6.730375ms
2025/10/16 18:12:57 "GET http://localhost:22222/slides/vibe-coding-to-production-mastering-cursor-ai HTTP/1.1" from [::1]:53737 - 200 36200B in 5.72875ms
2025/10/16 18:12:59 "GET http://localhost:22222/slides/vibe-coding-to-production-mastering-cursor-ai HTTP/1.1" from [::1]:53748 - 200 36200B in 6.103625ms
Posts fetched successfully! Count: 5
DEBUG HOME: User not logged in, error: http: named cookie not present
DEBUG HOME: Session token from cookie: NO_COOKIE
2025/10/16 18:13:02 "GET http://localhost:22222/ HTTP/1.1" from [::1]:53761 - 200 187659B in 16.410416ms
2025/10/16 18:13:02 "GET http://localhost:22222/static/css/modern-theme.css?v=2025-v5 HTTP/1.1" from [::1]:53761 - 200 41253B in 536.166µs
2025/10/16 18:13:03 "GET http://localhost:22222/signin HTTP/1.1" from [::1]:53769 - 200 14531B in 321.834µs
2025/10/16 18:13:03 "GET http://localhost:22222/static/css/modern-theme.css?v=2025-v5 HTTP/1.1" from [::1]:53769 - 200 41253B in 95.208µs
Session exists. Updating ...
2025/10/16 18:13:05 "POST http://localhost:22222/signin HTTP/1.1" from [::1]:53769 - 302 0B in 116.3085ms
Posts fetched successfully! Count: 5
DEBUG HOME: User logged in: anchoo2kewl, Email: anchoo2kewl@gmail.com, Role: 2, IsAdmin: true
2025/10/16 18:13:05 "GET http://localhost:22222/ HTTP/1.1" from [::1]:53769 - 200 196955B in 66.104916ms
2025/10/16 18:13:05 "GET http://localhost:22222/admin/posts/new HTTP/1.1" from [::1]:53769 - 200 99940B in 72.592875ms
Posts fetched successfully! Count: 5
DEBUG HOME: User not logged in, error: http: named cookie not present
DEBUG HOME: Session token from cookie: NO_COOKIE
2025/10/16 18:13:07 "GET http://localhost:22222/ HTTP/1.1" from [::1]:53780 - 200 187659B in 26.981792ms
2025/10/16 18:13:07 "GET http://localhost:22222/static/css/modern-theme.css?v=2025-v5 HTTP/1.1" from [::1]:53780 - 200 41253B in 177.334µs
Posts fetched successfully! Count: 5
DEBUG HOME: User not logged in, error: http: named cookie not present
DEBUG HOME: Session token from cookie: NO_COOKIE
2025/10/16 18:13:07 "GET http://localhost:22222/ HTTP/1.1" from [::1]:53784 - 200 187659B in 23.230292ms
2025/10/16 18:13:07 "GET http://localhost:22222/static/css/modern-theme.css?v=2025-v5 HTTP/1.1" from [::1]:53784 - 200 41253B in 99.375µs
Paginated posts fetched successfully! Limit: 5, Offset: 5
2025/10/16 18:13:08 "GET http://localhost:22222/api/posts/load-more?offset=5 HTTP/1.1" from [::1]:53784 - 200 47253B in 7.192583ms
Paginated posts fetched successfully! Limit: 5, Offset: 10
2025/10/16 18:13:12 "GET http://localhost:22222/api/posts/load-more?offset=10 HTTP/1.1" from [::1]:53784 - 200 15B in 4.274125ms
2025/10/16 18:13:14 "GET http://localhost:22222/signin HTTP/1.1" from [::1]:53795 - 200 14531B in 1.390708ms
2025/10/16 18:13:14 "GET http://localhost:22222/static/css/modern-theme.css?v=2025-v5 HTTP/1.1" from [::1]:53795 - 200 41253B in 220.5µs
Session exists. Updating ...
2025/10/16 18:13:15 "POST http://localhost:22222/signin HTTP/1.1" from [::1]:53795 - 302 0B in 123.81425ms
Posts fetched successfully! Count: 5
DEBUG HOME: User logged in: anchoo2kewl, Email: anchoo2kewl@gmail.com, Role: 2, IsAdmin: true
2025/10/16 18:13:16 "GET http://localhost:22222/ HTTP/1.1" from [::1]:53795 - 200 196955B in 64.291916ms
2025/10/16 18:13:16 "GET http://localhost:22222/admin/posts/9/edit HTTP/1.1" from [::1]:53795 - 200 101012B in 76.791958ms
2025/10/16 18:13:16 "GET http://localhost:22222/static/uploads/featured/adc4007f1649ec0ca4d22289485f0b6b.png HTTP/1.1" from [::1]:53795 - 404 19B in 32.167µs
2025/10/16 18:13:16 "GET http://localhost:22222/static/uploads/featured/adc4007f1649ec0ca4d22289485f0b6b.png HTTP/1.1" from [::1]:53795 - 404 19B in 38.583µs
2025/10/16 18:13:17 "GET http://localhost:22222/signin HTTP/1.1" from [::1]:53807 - 200 14531B in 1.239875ms
2025/10/16 18:13:17 "GET http://localhost:22222/static/css/modern-theme.css?v=2025-v5 HTTP/1.1" from [::1]:53807 - 200 41253B in 169.333µs
Session exists. Updating ...
2025/10/16 18:13:19 "POST http://localhost:22222/signin HTTP/1.1" from [::1]:53807 - 302 0B in 127.346417ms
Posts fetched successfully! Count: 5
DEBUG HOME: User logged in: anchoo2kewl, Email: anchoo2kewl@gmail.com, Role: 2, IsAdmin: true
2025/10/16 18:13:19 "GET http://localhost:22222/ HTTP/1.1" from [::1]:53807 - 200 196955B in 64.423625ms
2025/10/16 18:13:24 "GET http://localhost:22222/admin/posts HTTP/1.1" from [::1]:53825 - 302 30B in 55.167µs
2025/10/16 18:13:24 "GET http://localhost:22222/signin HTTP/1.1" from [::1]:53825 - 200 14531B in 1.043625ms
2025/10/16 18:13:24 "GET http://localhost:22222/static/css/modern-theme.css?v=2025-v5 HTTP/1.1" from [::1]:53825 - 200 41253B in 90.125µs
2025/10/16 18:13:59 "GET http://localhost:22222/slides/vibe-coding-to-production-mastering-cursor-ai HTTP/1.1" from [::1]:53878 - 200 36200B in 5.286792ms
2025/10/16 18:14:01 "GET http://localhost:22222/slides/vibe-coding-to-production-mastering-cursor-ai HTTP/1.1" from [::1]:53888 - 200 36200B in 9.708583ms
2025/10/16 18:14:03 "GET http://localhost:22222/slides/vibe-coding-to-production-mastering-cursor-ai HTTP/1.1" from [::1]:53900 - 200 36200B in 5.962833ms
2025/10/16 18:14:07 "GET http://localhost:22222/slides/vibe-coding-to-production-mastering-cursor-ai HTTP/1.1" from [::1]:53910 - 200 36200B in 7.671209ms
2025/10/16 18:14:09 "GET http://localhost:22222/slides/vibe-coding-to-production-mastering-cursor-ai HTTP/1.1" from [::1]:53921 - 200 36200B in 4.731083ms
2025/10/16 18:14:11 "GET http://localhost:22222/slides/vibe-coding-to-production-mastering-cursor-ai HTTP/1.1" from [::1]:53930 - 200 36200B in 5.556ms
2025/10/16 18:14:25 "GET http://localhost:22222/slides/vibe-coding-to-production-mastering-cursor-ai HTTP/1.1" from [::1]:54005 - 200 36200B in 3.975417ms
2025/10/16 18:14:27 "GET http://localhost:22222/slides/vibe-coding-to-production-mastering-cursor-ai HTTP/1.1" from [::1]:54013 - 200 36200B in 3.13775ms
2025/10/16 18:14:29 "GET http://localhost:22222/slides/vibe-coding-to-production-mastering-cursor-ai HTTP/1.1" from [::1]:54024 - 200 36200B in 10.287542ms
Posts fetched successfully! Count: 5
DEBUG HOME: User not logged in, error: http: named cookie not present
DEBUG HOME: Session token from cookie: NO_COOKIE
2025/10/16 18:14:32 "GET http://localhost:22222/ HTTP/1.1" from [::1]:54035 - 200 187659B in 29.8495ms
2025/10/16 18:14:32 "GET http://localhost:22222/static/css/modern-theme.css?v=2025-v5 HTTP/1.1" from [::1]:54035 - 200 41253B in 991.833µs
2025/10/16 18:14:33 "GET http://localhost:22222/signin HTTP/1.1" from [::1]:54042 - 200 14531B in 553.459µs
2025/10/16 18:14:33 "GET http://localhost:22222/static/css/modern-theme.css?v=2025-v5 HTTP/1.1" from [::1]:54042 - 200 41253B in 180.25µs
Session exists. Updating ...
2025/10/16 18:14:35 "POST http://localhost:22222/signin HTTP/1.1" from [::1]:54042 - 302 0B in 128.29725ms
Posts fetched successfully! Count: 5
DEBUG HOME: User logged in: anchoo2kewl, Email: anchoo2kewl@gmail.com, Role: 2, IsAdmin: true
2025/10/16 18:14:35 "GET http://localhost:22222/ HTTP/1.1" from [::1]:54042 - 200 196955B in 63.851333ms
2025/10/16 18:14:35 "GET http://localhost:22222/admin/posts/new HTTP/1.1" from [::1]:54042 - 200 99940B in 71.589416ms
Posts fetched successfully! Count: 5
DEBUG HOME: User not logged in, error: http: named cookie not present
DEBUG HOME: Session token from cookie: NO_COOKIE
2025/10/16 18:14:36 "GET http://localhost:22222/ HTTP/1.1" from [::1]:54053 - 200 187659B in 26.29ms
2025/10/16 18:14:36 "GET http://localhost:22222/static/css/modern-theme.css?v=2025-v5 HTTP/1.1" from [::1]:54053 - 200 41253B in 179.959µs
Posts fetched successfully! Count: 5
DEBUG HOME: User not logged in, error: http: named cookie not present
DEBUG HOME: Session token from cookie: NO_COOKIE
2025/10/16 18:14:37 "GET http://localhost:22222/ HTTP/1.1" from [::1]:54058 - 200 187659B in 31.54225ms
2025/10/16 18:14:37 "GET http://localhost:22222/static/css/modern-theme.css?v=2025-v5 HTTP/1.1" from [::1]:54058 - 200 41253B in 125.334µs
Paginated posts fetched successfully! Limit: 5, Offset: 5
2025/10/16 18:14:38 "GET http://localhost:22222/api/posts/load-more?offset=5 HTTP/1.1" from [::1]:54058 - 200 47253B in 9.409ms
Paginated posts fetched successfully! Limit: 5, Offset: 10
2025/10/16 18:14:42 "GET http://localhost:22222/api/posts/load-more?offset=10 HTTP/1.1" from [::1]:54058 - 200 15B in 2.463417ms
2025/10/16 18:14:44 "GET http://localhost:22222/signin HTTP/1.1" from [::1]:54068 - 200 14531B in 1.373375ms
2025/10/16 18:14:44 "GET http://localhost:22222/static/css/modern-theme.css?v=2025-v5 HTTP/1.1" from [::1]:54068 - 200 41253B in 388.667µs
Session exists. Updating ...
2025/10/16 18:14:45 "POST http://localhost:22222/signin HTTP/1.1" from [::1]:54068 - 302 0B in 143.98025ms
Posts fetched successfully! Count: 5
DEBUG HOME: User logged in: anchoo2kewl, Email: anchoo2kewl@gmail.com, Role: 2, IsAdmin: true
2025/10/16 18:14:45 "GET http://localhost:22222/ HTTP/1.1" from [::1]:54068 - 200 196955B in 63.36675ms
2025/10/16 18:14:46 "GET http://localhost:22222/admin/posts/9/edit HTTP/1.1" from [::1]:54068 - 200 101012B in 86.61575ms
2025/10/16 18:14:46 "GET http://localhost:22222/static/uploads/featured/adc4007f1649ec0ca4d22289485f0b6b.png HTTP/1.1" from [::1]:54068 - 404 19B in 23.667µs
2025/10/16 18:14:46 "GET http://localhost:22222/static/uploads/featured/adc4007f1649ec0ca4d22289485f0b6b.png HTTP/1.1" from [::1]:54068 - 404 19B in 40.667µs
2025/10/16 18:14:47 "GET http://localhost:22222/signin HTTP/1.1" from [::1]:54079 - 200 14531B in 809.333µs
2025/10/16 18:14:47 "GET http://localhost:22222/static/css/modern-theme.css?v=2025-v5 HTTP/1.1" from [::1]:54079 - 200 41253B in 181.5µs
Session exists. Updating ...
2025/10/16 18:14:48 "POST http://localhost:22222/signin HTTP/1.1" from [::1]:54079 - 302 0B in 132.121708ms
Posts fetched successfully! Count: 5
DEBUG HOME: User logged in: anchoo2kewl, Email: anchoo2kewl@gmail.com, Role: 2, IsAdmin: true
2025/10/16 18:14:48 "GET http://localhost:22222/ HTTP/1.1" from [::1]:54079 - 200 196955B in 68.168458ms
2025/10/16 18:14:54 "GET http://localhost:22222/admin/posts HTTP/1.1" from [::1]:54091 - 302 30B in 43.75µs
2025/10/16 18:14:54 "GET http://localhost:22222/signin HTTP/1.1" from [::1]:54091 - 200 14531B in 1.322375ms
2025/10/16 18:14:54 "GET http://localhost:22222/static/css/modern-theme.css?v=2025-v5 HTTP/1.1" from [::1]:54091 - 200 41253B in 190.833µs
Posts fetched successfully! Count: 5
DEBUG HOME: User not logged in, error: http: named cookie not present
DEBUG HOME: Session token from cookie: NO_COOKIE
2025/10/16 18:15:33 "GET http://localhost:22222/ HTTP/1.1" from [::1]:54183 - 200 187659B in 25.873292ms
2025/10/16 18:15:33 "GET http://localhost:22222/static/css/modern-theme.css?v=2025-v5 HTTP/1.1" from [::1]:54183 - 200 41253B in 2.224208ms
Posts fetched successfully! Count: 5
DEBUG HOME: User not logged in, error: http: named cookie not present
DEBUG HOME: Session token from cookie: NO_COOKIE
2025/10/16 18:15:35 "GET http://localhost:22222/ HTTP/1.1" from [::1]:54188 - 200 187659B in 20.758375ms
2025/10/16 18:15:35 "GET http://localhost:22222/static/css/modern-theme.css?v=2025-v5 HTTP/1.1" from [::1]:54188 - 200 41253B in 272.958µs
2025/10/16 18:15:40 "GET http://localhost:22222/slides/vibe-coding-to-production-mastering-cursor-ai HTTP/1.1" from [::1]:54201 - 200 36200B in 85.54425ms
2025/10/16 18:16:15 "GET http://localhost:22222/slides/vibe-coding-to-production-mastering-cursor-ai HTTP/1.1" from [::1]:54280 - 200 36200B in 5.146125ms
2025/10/16 18:16:18 "GET http://localhost:22222/slides/vibe-coding-to-production-mastering-cursor-ai HTTP/1.1" from [::1]:54289 - 200 36200B in 3.765709ms
2025/10/16 18:16:20 "GET http://localhost:22222/slides/vibe-coding-to-production-mastering-cursor-ai HTTP/1.1" from [::1]:54298 - 200 36200B in 5.480667ms
Posts fetched successfully! Count: 5
DEBUG HOME: User not logged in, error: http: named cookie not present
DEBUG HOME: Session token from cookie: NO_COOKIE
2025/10/16 18:16:23 "GET http://localhost:22222/ HTTP/1.1" from [::1]:54314 - 200 187659B in 22.696958ms
2025/10/16 18:16:23 "GET http://localhost:22222/static/css/modern-theme.css?v=2025-v5 HTTP/1.1" from [::1]:54314 - 200 41253B in 707.667µs
2025/10/16 18:16:24 "GET http://localhost:22222/slides/vibe-coding-to-production-mastering-cursor-ai HTTP/1.1" from [::1]:54319 - 200 36200B in 5.280292ms
2025/10/16 18:16:26 "GET http://localhost:22222/slides/vibe-coding-to-production-mastering-cursor-ai HTTP/1.1" from [::1]:54327 - 200 36200B in 4.485625ms
2025/10/16 18:16:28 "GET http://localhost:22222/slides/vibe-coding-to-production-mastering-cursor-ai HTTP/1.1" from [::1]:54338 - 200 36200B in 4.625333ms
Posts fetched successfully! Count: 5
DEBUG HOME: User not logged in, error: http: named cookie not present
DEBUG HOME: Session token from cookie: NO_COOKIE
2025/10/16 18:16:32 "GET http://localhost:22222/ HTTP/1.1" from [::1]:54348 - 200 187659B in 23.692208ms
2025/10/16 18:16:32 "GET http://localhost:22222/static/css/modern-theme.css?v=2025-v5 HTTP/1.1" from [::1]:54348 - 200 41253B in 365.917µs
2025/10/16 18:16:38 "GET http://localhost:22222/slides/vibe-coding-to-production-mastering-cursor-ai HTTP/1.1" from [::1]:54370 - 200 36200B in 4.108917ms
2025/10/16 18:16:40 "GET http://localhost:22222/slides/vibe-coding-to-production-mastering-cursor-ai HTTP/1.1" from [::1]:54378 - 200 36200B in 4.522667ms
2025/10/16 18:16:42 "GET http://localhost:22222/slides/vibe-coding-to-production-mastering-cursor-ai HTTP/1.1" from [::1]:54388 - 200 36200B in 5.062333ms
Posts fetched successfully! Count: 5
DEBUG HOME: User not logged in, error: http: named cookie not present
DEBUG HOME: Session token from cookie: NO_COOKIE
2025/10/16 18:16:45 "GET http://localhost:22222/ HTTP/1.1" from [::1]:54400 - 200 187659B in 27.659959ms
2025/10/16 18:16:45 "GET http://localhost:22222/static/css/modern-theme.css?v=2025-v5 HTTP/1.1" from [::1]:54400 - 200 41253B in 235µs
2025/10/16 18:16:46 "GET http://localhost:22222/slides/vibe-coding-to-production-mastering-cursor-ai HTTP/1.1" from [::1]:54408 - 200 36200B in 4.089625ms
2025/10/16 18:16:48 "GET http://localhost:22222/slides/vibe-coding-to-production-mastering-cursor-ai HTTP/1.1" from [::1]:54417 - 200 36200B in 5.770584ms
2025/10/16 18:16:50 "GET http://localhost:22222/slides/vibe-coding-to-production-mastering-cursor-ai HTTP/1.1" from [::1]:54426 - 200 36200B in 4.997375ms
Posts fetched successfully! Count: 5
DEBUG HOME: User not logged in, error: http: named cookie not present
DEBUG HOME: Session token from cookie: NO_COOKIE
2025/10/16 18:16:54 "GET http://localhost:22222/ HTTP/1.1" from [::1]:54438 - 200 187659B in 22.17025ms
2025/10/16 18:16:54 "GET http://localhost:22222/static/css/modern-theme.css?v=2025-v5 HTTP/1.1" from [::1]:54438 - 200 41253B in 184.166µs
